<?xml version="1.0" encoding="UTF-8"?>
<!-- Generated by org.testng.reporters.JUnitXMLReporter -->
<testsuite ignored="0" hostname="LF-00002624" failures="0" tests="6" name="Test" time="26.431" errors="0" timestamp="2024-02-27T15:54:30 IST">
  <testcase classname="com.mystore.testcases.TC_MyAccountPageTest" name="VerifyLogin" time="1.415"/>
  <testcase classname="com.mystore.testcases.TC_ProductPageTest" name="VerifyBuyProduct" time="2.256"/>
  <testcase classname="com.mystore.testcases.TC_OrderRemoveTest" name="VerifyOrderRemoval" time="2.264"/>
  <testcase classname="com.mystore.testcases.TC_ItemSortTest" name="VerifySortOrder" time="1.965"/>
  <testcase classname="com.mystore.testcases.TC_CheckOutPageTest" name="VerifyCheckOutValidation" time="2.607"/>
  <testcase classname="com.mystore.testcases.TC_CheckOutRemovePageTest" name="VerifyCheckOutRemoveValidation" time="1.681"/>
</testsuite> <!-- Test -->
